<?xml version="1.0" encoding="utf-8"?><testsuite errors="0" failures="0" name="pytest" skips="0" tests="55" time="0.146"><testcase classname="test.describe_mining.describe_equipments" file="test.py" line="480" name="with_success" time="0.00120902061462"></testcase><testcase classname="test.describe_mining.describe_contracts" file="test.py" line="473" name="with_success" time="0.00113034248352"></testcase><testcase classname="test.describe_coin.describe_snapshot_full_by_id" file="test.py" line="30" name="with_success" time="0.000977277755737"></testcase><testcase classname="test.describe_coin.describe_snapshot_full_by_id" file="test.py" line="35" name="without_coin_id" time="0.00081205368042"></testcase><testcase classname="test.describe_coin.describe_snapshot_full_by_id" file="test.py" line="41" name="with_invalid_coin_id" time="0.00120687484741"></testcase><testcase classname="test.describe_coin.describe_list" file="test.py" line="15" name="with_success" time="0.0145280361176"></testcase><testcase classname="test.describe_coin.describe_list" file="test.py" line="20" name="with_error" time="0.000414848327637"></testcase><testcase classname="test.describe_coin.describe_snapshot" file="test.py" line="51" name="with_success" time="0.000350713729858"></testcase><testcase classname="test.describe_coin.describe_snapshot" file="test.py" line="57" name="with_empty_args" time="0.000265121459961"></testcase><testcase classname="test.describe_coin.describe_snapshot" file="test.py" line="70" name="with_invalid_args" time="0.000325679779053"></testcase><testcase classname="test.describe_subs_watchlist" file="test.py" line="276" name="with_success" time="0.000302076339722"></testcase><testcase classname="test.describe_subs_watchlist" file="test.py" line="283" name="with_empty_args" time="0.000447988510132"></testcase><testcase classname="test.describe_subs_watchlist" file="test.py" line="296" name="with_invalid_args" time="0.000350952148438"></testcase><testcase classname="test.describe_generate_avg" file="test.py" line="193" name="with_success" time="0.000320196151733"></testcase><testcase classname="test.describe_generate_avg" file="test.py" line="200" name="with_empty_args" time="0.000255107879639"></testcase><testcase classname="test.describe_generate_avg" file="test.py" line="213" name="with_invalid_args" time="0.000340223312378"></testcase><testcase classname="test.describe_price.describe_historical" file="test.py" line="164" name="with_success" time="0.000473976135254"></testcase><testcase classname="test.describe_price.describe_historical" file="test.py" line="171" name="with_empty_args" time="0.00114417076111"></testcase><testcase classname="test.describe_price.describe_historical" file="test.py" line="184" name="with_invalid_args" time="0.00108194351196"></testcase><testcase classname="test.describe_price.describe_multifull" file="test.py" line="134" name="with_success" time="0.000521898269653"></testcase><testcase classname="test.describe_price.describe_multifull" file="test.py" line="141" name="with_empty_args" time="0.000310182571411"></testcase><testcase classname="test.describe_price.describe_multifull" file="test.py" line="154" name="with_invalid_args" time="0.000341653823853"></testcase><testcase classname="test.describe_price.describe_multi" file="test.py" line="103" name="with_success" time="0.000311136245728"></testcase><testcase classname="test.describe_price.describe_multi" file="test.py" line="111" name="with_empty_args" time="0.000279903411865"></testcase><testcase classname="test.describe_price.describe_multi" file="test.py" line="124" name="with_invalid_args" time="0.000331878662109"></testcase><testcase classname="test.describe_price" file="test.py" line="80" name="with_success" time="0.000286340713501"></testcase><testcase classname="test.describe_price" file="test.py" line="87" name="with_empty_args" time="0.000251054763794"></testcase><testcase classname="test.describe_day_avg" file="test.py" line="222" name="with_success" time="0.000297069549561"></testcase><testcase classname="test.describe_day_avg" file="test.py" line="229" name="with_empty_args" time="0.000257015228271"></testcase><testcase classname="test.describe_day_avg" file="test.py" line="242" name="with_invalid_args" time="0.000715017318726"></testcase><testcase classname="test.describe_top.describe_exchanges" file="test.py" line="307" name="with_success" time="0.000300168991089"></testcase><testcase classname="test.describe_top.describe_exchanges" file="test.py" line="314" name="with_empty_args" time="0.000265836715698"></testcase><testcase classname="test.describe_top.describe_exchanges" file="test.py" line="327" name="with_invalid_args" time="0.000343799591064"></testcase><testcase classname="test.describe_top.describe_volumes" file="test.py" line="336" name="with_success" time="0.000348091125488"></testcase><testcase classname="test.describe_top.describe_volumes" file="test.py" line="343" name="with_empty_args" time="0.000250101089478"></testcase><testcase classname="test.describe_top.describe_volumes" file="test.py" line="350" name="with_invalid_args" time="0.000484228134155"></testcase><testcase classname="test.describe_top.describe_pairs" file="test.py" line="359" name="with_success" time="0.000318288803101"></testcase><testcase classname="test.describe_top.describe_pairs" file="test.py" line="366" name="with_empty_args" time="0.000215768814087"></testcase><testcase classname="test.describe_top.describe_pairs" file="test.py" line="373" name="with_invalid_args" time="0.000317096710205"></testcase><testcase classname="test.describe_histo.describe_hour" file="test.py" line="413" name="with_success" time="0.000927925109863"></testcase><testcase classname="test.describe_histo.describe_hour" file="test.py" line="420" name="with_empty_args" time="0.0002601146698"></testcase><testcase classname="test.describe_histo.describe_hour" file="test.py" line="433" name="with_invalid_args" time="0.000324249267578"></testcase><testcase classname="test.describe_histo.describe_minute" file="test.py" line="442" name="with_success" time="0.00722694396973"></testcase><testcase classname="test.describe_histo.describe_minute" file="test.py" line="449" name="with_empty_args" time="0.00111198425293"></testcase><testcase classname="test.describe_histo.describe_minute" file="test.py" line="462" name="with_invalid_args" time="0.000428199768066"></testcase><testcase classname="test.describe_histo.describe_day" file="test.py" line="384" name="with_success" time="0.000442981719971"></testcase><testcase classname="test.describe_histo.describe_day" file="test.py" line="391" name="with_empty_args" time="0.000272035598755"></testcase><testcase classname="test.describe_histo.describe_day" file="test.py" line="404" name="with_invalid_args" time="0.000342130661011"></testcase><testcase classname="test.describe_subs" file="test.py" line="252" name="with_success" time="0.000910997390747"></testcase><testcase classname="test.describe_subs" file="test.py" line="259" name="with_empty_args" time="0.000219106674194"></testcase><testcase classname="test.describe_subs" file="test.py" line="266" name="with_invalid_args" time="0.000327825546265"></testcase><testcase classname="test.describe_all_exchanges" file="test.py" line="487" name="with_success" time="0.00657296180725"></testcase><testcase classname="test.describe_social_stats" file="test.py" line="495" name="with_success" time="0.000524044036865"></testcase><testcase classname="test.describe_social_stats" file="test.py" line="502" name="with_empty_args" time="0.000226974487305"></testcase><testcase classname="test.describe_social_stats" file="test.py" line="509" name="with_invalid_args" time="0.000314950942993"></testcase></testsuite>